Using pre-set license

 COMMAND LINE ARGUMENTS:
/Applications/Unity/Hub/Editor/2020.3.6f1/Unity.app/Contents/MacOS/Unity
-adb2
-batchMode
-noUpm
-name
AssetImportWorker0
-projectPath
/Users/adinealves/Documents/PROJETO_PFC
-logFile
Logs/AssetImportWorker0.log
-srvPort
51048
Successfully changed project path to: /Users/adinealves/Documents/PROJETO_PFC
/Users/adinealves/Documents/PROJETO_PFC
Using Asset Import Pipeline V2.
Refreshing native plugins compatible for Editor in 144.72 ms, found 5 plugins.
Preloading 1 native plugins for Editor in 21.38 ms.
Initialize engine version: 2020.3.6f1 (338bb68529b2)
[Subsystems] Discovering subsystems at path /Applications/Unity/Hub/Editor/2020.3.6f1/Unity.app/Contents/Resources/UnitySubsystems
[Subsystems] Discovering subsystems at path /Users/adinealves/Documents/PROJETO_PFC/Assets
GfxDevice: creating device client; threaded=0
2021-09-19 12:39:15.057 Unity[38125:1208636] Color LCD preferred device: Intel(R) Iris(TM) Graphics 6100 (low power)
2021-09-19 12:39:15.057 Unity[38125:1208636] Metal devices available: 1
2021-09-19 12:39:15.057 Unity[38125:1208636] 0: Intel(R) Iris(TM) Graphics 6100 (low power)
2021-09-19 12:39:15.057 Unity[38125:1208636] Using device Intel(R) Iris(TM) Graphics 6100 (low power)
Initializing Metal device caps: Intel(R) Iris(TM) Graphics 6100
Shader 'Oculus/OVRMRCameraFrameLit': fallback shader 'Alpha-Diffuse' not found
Initialize mono
Mono path[0] = '/Applications/Unity/Hub/Editor/2020.3.6f1/Unity.app/Contents/Managed'
Mono path[1] = '/Applications/Unity/Hub/Editor/2020.3.6f1/Unity.app/Contents/MonoBleedingEdge/lib/mono/unityjit'
Mono config path = '/Applications/Unity/Hub/Editor/2020.3.6f1/Unity.app/Contents/MonoBleedingEdge/etc'
Using monoOptions --debugger-agent=transport=dt_socket,embedding=1,server=y,suspend=n,address=127.0.0.1:56125
Begin MonoManager ReloadAssembly
Registering precompiled unity dll's ...
Register platform support module: /Applications/Unity/Hub/Editor/2020.3.6f1/PlaybackEngines/WebGLSupport/UnityEditor.WebGL.Extensions.dll
Register platform support module: /Applications/Unity/Hub/Editor/2020.3.6f1/Unity.app/Contents/PlaybackEngines/MacStandaloneSupport/UnityEditor.OSXStandalone.Extensions.dll
Registered in 0.002487 seconds.
Native extension for OSXStandalone target not found
Native extension for WebGL target not found
Refreshing native plugins compatible for Editor in 79.02 ms, found 5 plugins.
Preloading 1 native plugins for Editor in 0.66 ms.
Mono: successfully reloaded assembly
- Completed reload, in  5.489 seconds
Platform modules already initialized, skipping
Registering precompiled user dll's ...
Registered in 0.002573 seconds.
Begin MonoManager ReloadAssembly
Native extension for OSXStandalone target not found
Native extension for WebGL target not found
Refreshing native plugins compatible for Editor in 0.71 ms, found 5 plugins.
Preloading 1 native plugins for Editor in 0.66 ms.
Mono: successfully reloaded assembly
- Completed reload, in  1.875 seconds
Platform modules already initialized, skipping
========================================================================
Worker process is ready to serve import requests
Shader 'Oculus/OVRMRCameraFrameLit': fallback shader 'Alpha-Diffuse' not found
Launching external process: /Applications/Unity/Hub/Editor/2020.3.6f1/Unity.app/Contents/Tools/UnityShaderCompiler
Launched and connected shader compiler UnityShaderCompiler after 0.03 seconds
Refreshing native plugins compatible for Editor in 0.74 ms, found 5 plugins.
Preloading 1 native plugins for Editor in 0.82 ms.
Unloading 1977 Unused Serialized files (Serialized files now loaded: 0)
System memory in use before: 190.8 MB.
System memory in use after: 190.5 MB.

Unloading 36 unused Assets to reduce memory usage. Loaded Objects now: 2413.
Total: 3.811027 ms (FindLiveObjects: 0.370040 ms CreateObjectMapping: 0.129970 ms MarkObjects: 2.812324 ms  DeleteObjects: 0.496065 ms)

========================================================================
Received Import Request.
  path: Assets/_TerrainAutoUpgrade/layer_solid_rock_2solid_rock_2_normal312cdf1c675cb011.terrainlayer
  artifactKey: Guid(bde2c0e87c3e041d6b1580fe2fbbb7ec) Importer(815301076,1909f56bfc062723c751e8b465ee728b)
Start importing Assets/_TerrainAutoUpgrade/layer_solid_rock_2solid_rock_2_normal312cdf1c675cb011.terrainlayer using Guid(bde2c0e87c3e041d6b1580fe2fbbb7ec) Importer(815301076,1909f56bfc062723c751e8b465ee728b)  -> (artifact id: '105000d4f6523d5b5e0111599037f084') in 1.544489 seconds
  Import took 1.550057 seconds .

========================================================================
Received Prepare
Registering precompiled user dll's ...
Registered in 0.004458 seconds.
Begin MonoManager ReloadAssembly
Native extension for OSXStandalone target not found
Native extension for WebGL target not found
Refreshing native plugins compatible for Editor in 1.37 ms, found 5 plugins.
Preloading 1 native plugins for Editor in 0.80 ms.
Mono: successfully reloaded assembly
- Completed reload, in  1.601 seconds
Platform modules already initialized, skipping
Switching build target platform(2) subTarget(0) extendedPlatform(0) -> platform(13) subTarget(524288) extendedPlatform(0)
Shader 'Oculus/OVRMRCameraFrameLit': fallback shader 'Alpha-Diffuse' not found
Refreshing native plugins compatible for Editor in 0.71 ms, found 5 plugins.
Preloading 1 native plugins for Editor in 0.70 ms.
Unloading 1802 Unused Serialized files (Serialized files now loaded: 0)
System memory in use before: 175.5 MB.
System memory in use after: 175.3 MB.

Unloading 30 unused Assets to reduce memory usage. Loaded Objects now: 2422.
Total: 2.798240 ms (FindLiveObjects: 0.326120 ms CreateObjectMapping: 0.141080 ms MarkObjects: 1.973248 ms  DeleteObjects: 0.356382 ms)

AssetImportParameters requested are different than current active one (requested -> active):
  custom:graphics/normal-map-encoding: 01000000000000000000000000000000 -> 02000000000000000000000000000000
========================================================================
Received Import Request.
  Time since last request: 299.032267 seconds.
  path: Assets/Tirgames/ShootingRangeInteriors
  artifactKey: Guid(0e8b9a8c87db31d4b9eff9b2bf93015a) Importer(815301076,1909f56bfc062723c751e8b465ee728b)
Start importing Assets/Tirgames/ShootingRangeInteriors using Guid(0e8b9a8c87db31d4b9eff9b2bf93015a) Importer(815301076,1909f56bfc062723c751e8b465ee728b)  -> (artifact id: '0a1c8fcc1ad61fdfcf240a2f41bf0eff') in 0.010456 seconds
  Import took 0.020658 seconds .

========================================================================
Received Import Request.
  Time since last request: 0.016256 seconds.
  path: Assets/Tirgames/ShootingRangeInteriors
  artifactKey: Guid(0e8b9a8c87db31d4b9eff9b2bf93015a) Importer(815301076,1909f56bfc062723c751e8b465ee728b)
Start importing Assets/Tirgames/ShootingRangeInteriors using Guid(0e8b9a8c87db31d4b9eff9b2bf93015a) Importer(815301076,1909f56bfc062723c751e8b465ee728b)  -> (artifact id: '0a1c8fcc1ad61fdfcf240a2f41bf0eff') in 0.001543 seconds
  Import took 0.015306 seconds .

========================================================================
Received Import Request.
  Time since last request: 1.432614 seconds.
  path: Assets/Tirgames/ShootingRangeInteriors/Scenes
  artifactKey: Guid(68db3ea1b95173c4bb05c6ed4c3e2eb0) Importer(815301076,1909f56bfc062723c751e8b465ee728b)
Start importing Assets/Tirgames/ShootingRangeInteriors/Scenes using Guid(68db3ea1b95173c4bb05c6ed4c3e2eb0) Importer(815301076,1909f56bfc062723c751e8b465ee728b)  -> (artifact id: '18ca5f517e2f9fa6d73fd598e864048d') in 0.005473 seconds
  Import took 0.018861 seconds .

========================================================================
Received Prepare
Shader 'Oculus/OVRMRCameraFrameLit': fallback shader 'Alpha-Diffuse' not found
Refreshing native plugins compatible for Editor in 18.83 ms, found 5 plugins.
Preloading 1 native plugins for Editor in 1.60 ms.
Unloading 27 Unused Serialized files (Serialized files now loaded: 0)
System memory in use before: 150.2 MB.
System memory in use after: 150.0 MB.

Unloading 27 unused Assets to reduce memory usage. Loaded Objects now: 2422.
Total: 3.742946 ms (FindLiveObjects: 0.334805 ms CreateObjectMapping: 0.110313 ms MarkObjects: 2.591995 ms  DeleteObjects: 0.688011 ms)

========================================================================
Received Prepare
Shader 'Oculus/OVRMRCameraFrameLit': fallback shader 'Alpha-Diffuse' not found
Refreshing native plugins compatible for Editor in 14.95 ms, found 5 plugins.
Preloading 1 native plugins for Editor in 1.77 ms.
Unloading 27 Unused Serialized files (Serialized files now loaded: 0)
System memory in use before: 150.4 MB.
System memory in use after: 150.2 MB.

Unloading 27 unused Assets to reduce memory usage. Loaded Objects now: 2422.
Total: 21.661183 ms (FindLiveObjects: 0.919566 ms CreateObjectMapping: 0.203706 ms MarkObjects: 20.013287 ms  DeleteObjects: 0.522170 ms)

========================================================================
Received Prepare
Shader 'Oculus/OVRMRCameraFrameLit': fallback shader 'Alpha-Diffuse' not found
Refreshing native plugins compatible for Editor in 12.35 ms, found 5 plugins.
Preloading 1 native plugins for Editor in 1.03 ms.
Unloading 27 Unused Serialized files (Serialized files now loaded: 0)
System memory in use before: 150.6 MB.
System memory in use after: 150.4 MB.

Unloading 27 unused Assets to reduce memory usage. Loaded Objects now: 2422.
Total: 3.085412 ms (FindLiveObjects: 0.364800 ms CreateObjectMapping: 0.107332 ms MarkObjects: 2.182538 ms  DeleteObjects: 0.428806 ms)

========================================================================
Received Prepare
Shader 'Oculus/OVRMRCameraFrameLit': fallback shader 'Alpha-Diffuse' not found
Refreshing native plugins compatible for Editor in 21.15 ms, found 5 plugins.
Preloading 1 native plugins for Editor in 2.01 ms.
Unloading 27 Unused Serialized files (Serialized files now loaded: 0)
System memory in use before: 150.9 MB.
System memory in use after: 150.7 MB.

Unloading 27 unused Assets to reduce memory usage. Loaded Objects now: 2422.
Total: 43.553573 ms (FindLiveObjects: 1.344615 ms CreateObjectMapping: 0.211806 ms MarkObjects: 41.251235 ms  DeleteObjects: 0.742952 ms)

========================================================================
Received Prepare
Shader 'Oculus/OVRMRCameraFrameLit': fallback shader 'Alpha-Diffuse' not found
Refreshing native plugins compatible for Editor in 21.01 ms, found 5 plugins.
Preloading 1 native plugins for Editor in 1.82 ms.
Unloading 27 Unused Serialized files (Serialized files now loaded: 0)
System memory in use before: 151.1 MB.
System memory in use after: 150.9 MB.

Unloading 27 unused Assets to reduce memory usage. Loaded Objects now: 2422.
Total: 29.763218 ms (FindLiveObjects: 1.408610 ms CreateObjectMapping: 0.249408 ms MarkObjects: 27.358456 ms  DeleteObjects: 0.743306 ms)

========================================================================
Received Prepare
Shader 'Oculus/OVRMRCameraFrameLit': fallback shader 'Alpha-Diffuse' not found
Refreshing native plugins compatible for Editor in 14.07 ms, found 5 plugins.
Preloading 1 native plugins for Editor in 0.63 ms.
Unloading 27 Unused Serialized files (Serialized files now loaded: 0)
System memory in use before: 151.3 MB.
System memory in use after: 151.1 MB.

Unloading 27 unused Assets to reduce memory usage. Loaded Objects now: 2422.
Total: 4.261479 ms (FindLiveObjects: 0.430925 ms CreateObjectMapping: 0.176476 ms MarkObjects: 3.152444 ms  DeleteObjects: 0.499535 ms)

========================================================================
Received Prepare
Shader 'Oculus/OVRMRCameraFrameLit': fallback shader 'Alpha-Diffuse' not found
Refreshing native plugins compatible for Editor in 16.07 ms, found 5 plugins.
Preloading 1 native plugins for Editor in 1.80 ms.
Unloading 27 Unused Serialized files (Serialized files now loaded: 0)
System memory in use before: 151.6 MB.
System memory in use after: 151.3 MB.

Unloading 27 unused Assets to reduce memory usage. Loaded Objects now: 2422.
Total: 35.236586 ms (FindLiveObjects: 0.740027 ms CreateObjectMapping: 0.110163 ms MarkObjects: 33.726780 ms  DeleteObjects: 0.657162 ms)

========================================================================
Received Import Request.
  Time since last request: 73842.108507 seconds.
  path: Assets/Tirgames/ShootingRangeInteriors/Scenes/ShootingRange2Settings.lighting
  artifactKey: Guid(1865bfc16c56b477280e945a84f83b64) Importer(815301076,1909f56bfc062723c751e8b465ee728b)
Start importing Assets/Tirgames/ShootingRangeInteriors/Scenes/ShootingRange2Settings.lighting using Guid(1865bfc16c56b477280e945a84f83b64) Importer(815301076,1909f56bfc062723c751e8b465ee728b) LightingSettings: switching bake backend from 1 to 0.
 -> (artifact id: '5de9cee4eae1cdb5654b39a33380dd83') in 0.873345 seconds
  Import took 0.917401 seconds .

========================================================================
Received Prepare
Shader 'Oculus/OVRMRCameraFrameLit': fallback shader 'Alpha-Diffuse' not found
Refreshing native plugins compatible for Editor in 18.04 ms, found 5 plugins.
Preloading 1 native plugins for Editor in 0.99 ms.
Unloading 27 Unused Serialized files (Serialized files now loaded: 0)
System memory in use before: 156.1 MB.
System memory in use after: 155.8 MB.

Unloading 27 unused Assets to reduce memory usage. Loaded Objects now: 2422.
Total: 17.252192 ms (FindLiveObjects: 0.503058 ms CreateObjectMapping: 0.140955 ms MarkObjects: 16.133285 ms  DeleteObjects: 0.472408 ms)

========================================================================
Received Prepare
Shader 'Oculus/OVRMRCameraFrameLit': fallback shader 'Alpha-Diffuse' not found
Refreshing native plugins compatible for Editor in 13.34 ms, found 5 plugins.
Preloading 1 native plugins for Editor in 1.25 ms.
Unloading 27 Unused Serialized files (Serialized files now loaded: 0)
System memory in use before: 156.3 MB.
System memory in use after: 156.1 MB.

Unloading 27 unused Assets to reduce memory usage. Loaded Objects now: 2422.
Total: 26.485387 ms (FindLiveObjects: 1.012497 ms CreateObjectMapping: 0.148021 ms MarkObjects: 24.715186 ms  DeleteObjects: 0.606579 ms)

========================================================================
Received Prepare
Shader 'Oculus/OVRMRCameraFrameLit': fallback shader 'Alpha-Diffuse' not found
Refreshing native plugins compatible for Editor in 13.46 ms, found 5 plugins.
Preloading 1 native plugins for Editor in 1.22 ms.
Unloading 27 Unused Serialized files (Serialized files now loaded: 0)
System memory in use before: 156.5 MB.
System memory in use after: 156.3 MB.

Unloading 27 unused Assets to reduce memory usage. Loaded Objects now: 2422.
Total: 29.569180 ms (FindLiveObjects: 1.231557 ms CreateObjectMapping: 0.434608 ms MarkObjects: 27.289333 ms  DeleteObjects: 0.611229 ms)

========================================================================
Received Prepare
Shader 'Oculus/OVRMRCameraFrameLit': fallback shader 'Alpha-Diffuse' not found
Refreshing native plugins compatible for Editor in 16.02 ms, found 5 plugins.
Preloading 1 native plugins for Editor in 2.21 ms.
Unloading 27 Unused Serialized files (Serialized files now loaded: 0)
System memory in use before: 156.7 MB.
System memory in use after: 156.5 MB.

Unloading 27 unused Assets to reduce memory usage. Loaded Objects now: 2422.
Total: 3.844745 ms (FindLiveObjects: 0.487275 ms CreateObjectMapping: 0.178660 ms MarkObjects: 2.549793 ms  DeleteObjects: 0.625720 ms)

========================================================================
Received Prepare
Shader 'Oculus/OVRMRCameraFrameLit': fallback shader 'Alpha-Diffuse' not found
Refreshing native plugins compatible for Editor in 19.91 ms, found 5 plugins.
Preloading 1 native plugins for Editor in 2.18 ms.
Unloading 27 Unused Serialized files (Serialized files now loaded: 0)
System memory in use before: 156.9 MB.
System memory in use after: 156.7 MB.

Unloading 27 unused Assets to reduce memory usage. Loaded Objects now: 2422.
Total: 32.555760 ms (FindLiveObjects: 1.637936 ms CreateObjectMapping: 0.219385 ms MarkObjects: 29.909960 ms  DeleteObjects: 0.785824 ms)

