Using pre-set license

 COMMAND LINE ARGUMENTS:
/Applications/Unity/Hub/Editor/2020.3.6f1/Unity.app/Contents/MacOS/Unity
-adb2
-batchMode
-noUpm
-name
AssetImportWorker0
-projectPath
/Users/adinealves/Documents/Realistic Weapons in VR
-logFile
Logs/AssetImportWorker0.log
-srvPort
60823
Successfully changed project path to: /Users/adinealves/Documents/Realistic Weapons in VR
/Users/adinealves/Documents/Realistic Weapons in VR
Using Asset Import Pipeline V2.
Refreshing native plugins compatible for Editor in 366.24 ms, found 5 plugins.
Preloading 1 native plugins for Editor in 37.89 ms.
Initialize engine version: 2020.3.6f1 (338bb68529b2)
[Subsystems] Discovering subsystems at path /Applications/Unity/Hub/Editor/2020.3.6f1/Unity.app/Contents/Resources/UnitySubsystems
[Subsystems] Discovering subsystems at path /Users/adinealves/Documents/Realistic Weapons in VR/Assets
GfxDevice: creating device client; threaded=0
2021-09-18 22:31:16.216 Unity[28907:1005276] Color LCD preferred device: Intel(R) Iris(TM) Graphics 6100 (low power)
2021-09-18 22:31:16.216 Unity[28907:1005276] Metal devices available: 1
2021-09-18 22:31:16.216 Unity[28907:1005276] 0: Intel(R) Iris(TM) Graphics 6100 (low power)
2021-09-18 22:31:16.217 Unity[28907:1005276] Using device Intel(R) Iris(TM) Graphics 6100 (low power)
Initializing Metal device caps: Intel(R) Iris(TM) Graphics 6100
Shader 'Oculus/OVRMRCameraFrameLit': fallback shader 'Alpha-Diffuse' not found
Initialize mono
Mono path[0] = '/Applications/Unity/Hub/Editor/2020.3.6f1/Unity.app/Contents/Managed'
Mono path[1] = '/Applications/Unity/Hub/Editor/2020.3.6f1/Unity.app/Contents/MonoBleedingEdge/lib/mono/unityjit'
Mono config path = '/Applications/Unity/Hub/Editor/2020.3.6f1/Unity.app/Contents/MonoBleedingEdge/etc'
Using monoOptions --debugger-agent=transport=dt_socket,embedding=1,server=y,suspend=n,address=127.0.0.1:56907
Begin MonoManager ReloadAssembly
Registering precompiled unity dll's ...
Register platform support module: /Applications/Unity/Hub/Editor/2020.3.6f1/PlaybackEngines/WebGLSupport/UnityEditor.WebGL.Extensions.dll
Register platform support module: /Applications/Unity/Hub/Editor/2020.3.6f1/Unity.app/Contents/PlaybackEngines/MacStandaloneSupport/UnityEditor.OSXStandalone.Extensions.dll
Registered in 0.002981 seconds.
Native extension for OSXStandalone target not found
Native extension for WebGL target not found
Refreshing native plugins compatible for Editor in 167.57 ms, found 5 plugins.
Preloading 1 native plugins for Editor in 0.98 ms.
Mono: successfully reloaded assembly
- Completed reload, in  8.363 seconds
Platform modules already initialized, skipping
Registering precompiled user dll's ...
Registered in 0.002168 seconds.
Begin MonoManager ReloadAssembly
Native extension for OSXStandalone target not found
Native extension for WebGL target not found
Refreshing native plugins compatible for Editor in 0.73 ms, found 5 plugins.
Preloading 1 native plugins for Editor in 0.78 ms.
Mono: successfully reloaded assembly
- Completed reload, in  1.562 seconds
Platform modules already initialized, skipping
========================================================================
Worker process is ready to serve import requests
Shader 'Oculus/OVRMRCameraFrameLit': fallback shader 'Alpha-Diffuse' not found
Launching external process: /Applications/Unity/Hub/Editor/2020.3.6f1/Unity.app/Contents/Tools/UnityShaderCompiler
Launched and connected shader compiler UnityShaderCompiler after 0.02 seconds
Refreshing native plugins compatible for Editor in 0.95 ms, found 5 plugins.
Preloading 1 native plugins for Editor in 0.69 ms.
Unloading 1874 Unused Serialized files (Serialized files now loaded: 0)
System memory in use before: 160.3 MB.
System memory in use after: 160.0 MB.

Unloading 35 unused Assets to reduce memory usage. Loaded Objects now: 2298.
Total: 3.135172 ms (FindLiveObjects: 0.493487 ms CreateObjectMapping: 0.186499 ms MarkObjects: 2.040155 ms  DeleteObjects: 0.412743 ms)

========================================================================
Received Import Request.
  path: Assets/Scripts/GameLogic.cs
  artifactKey: Guid(03f65b0fb012048b792883258bc13630) Importer(815301076,1909f56bfc062723c751e8b465ee728b)
Start importing Assets/Scripts/GameLogic.cs using Guid(03f65b0fb012048b792883258bc13630) Importer(815301076,1909f56bfc062723c751e8b465ee728b)  -> (artifact id: '1699be839d50dd4bd0e831d15e59e9c3') in 0.559643 seconds
  Import took 0.565391 seconds .

========================================================================
Received Prepare
Registering precompiled user dll's ...
Registered in 0.006788 seconds.
Begin MonoManager ReloadAssembly
Native extension for OSXStandalone target not found
Native extension for WebGL target not found
Refreshing native plugins compatible for Editor in 0.73 ms, found 5 plugins.
Preloading 1 native plugins for Editor in 0.69 ms.
Mono: successfully reloaded assembly
- Completed reload, in  1.757 seconds
Platform modules already initialized, skipping
Switching build target platform(2) subTarget(0) extendedPlatform(0) -> platform(13) subTarget(524288) extendedPlatform(0)
Shader 'Oculus/OVRMRCameraFrameLit': fallback shader 'Alpha-Diffuse' not found
Refreshing native plugins compatible for Editor in 0.73 ms, found 5 plugins.
Preloading 1 native plugins for Editor in 0.77 ms.
Unloading 1802 Unused Serialized files (Serialized files now loaded: 0)
System memory in use before: 154.2 MB.
System memory in use after: 154.0 MB.

Unloading 30 unused Assets to reduce memory usage. Loaded Objects now: 2302.
Total: 2.621653 ms (FindLiveObjects: 0.354654 ms CreateObjectMapping: 0.084842 ms MarkObjects: 1.803256 ms  DeleteObjects: 0.376930 ms)

AssetImportParameters requested are different than current active one (requested -> active):
  custom:graphics/normal-map-encoding: 01000000000000000000000000000000 -> 02000000000000000000000000000000
========================================================================
Received Import Request.
  Time since last request: 121.005772 seconds.
  path: Assets/Scripts/GameLogic.cs
  artifactKey: Guid(03f65b0fb012048b792883258bc13630) Importer(815301076,1909f56bfc062723c751e8b465ee728b)
Start importing Assets/Scripts/GameLogic.cs using Guid(03f65b0fb012048b792883258bc13630) Importer(815301076,1909f56bfc062723c751e8b465ee728b)  -> (artifact id: '15a6e6e04e7caecf6ba89419ac6f45d9') in 0.011797 seconds
  Import took 0.016287 seconds .

========================================================================
Received Prepare
Shader 'Oculus/OVRMRCameraFrameLit': fallback shader 'Alpha-Diffuse' not found
Refreshing native plugins compatible for Editor in 27.73 ms, found 5 plugins.
Preloading 1 native plugins for Editor in 0.91 ms.
Unloading 27 Unused Serialized files (Serialized files now loaded: 0)
System memory in use before: 123.9 MB.
System memory in use after: 123.7 MB.

Unloading 27 unused Assets to reduce memory usage. Loaded Objects now: 2302.
Total: 7.784654 ms (FindLiveObjects: 1.768851 ms CreateObjectMapping: 1.903752 ms MarkObjects: 3.664082 ms  DeleteObjects: 0.444672 ms)

========================================================================
Received Prepare
Shader 'Oculus/OVRMRCameraFrameLit': fallback shader 'Alpha-Diffuse' not found
Refreshing native plugins compatible for Editor in 16.16 ms, found 5 plugins.
Preloading 1 native plugins for Editor in 1.25 ms.
Unloading 27 Unused Serialized files (Serialized files now loaded: 0)
System memory in use before: 124.0 MB.
System memory in use after: 123.8 MB.

Unloading 27 unused Assets to reduce memory usage. Loaded Objects now: 2302.
Total: 32.706354 ms (FindLiveObjects: 0.830669 ms CreateObjectMapping: 0.144726 ms MarkObjects: 29.444874 ms  DeleteObjects: 2.271972 ms)

========================================================================
Received Import Request.
  Time since last request: 497.174517 seconds.
  path: Assets/Nokobot/Modern Guns - Handgun/_Demo Assets/SimpleShoot.cs
  artifactKey: Guid(6be84e4d7829855419c06b94e56bd135) Importer(815301076,1909f56bfc062723c751e8b465ee728b)
Start importing Assets/Nokobot/Modern Guns - Handgun/_Demo Assets/SimpleShoot.cs using Guid(6be84e4d7829855419c06b94e56bd135) Importer(815301076,1909f56bfc062723c751e8b465ee728b)  -> (artifact id: '28c847b9ab227911d852ec7a7f69a4dd') in 0.034626 seconds
  Import took 0.086027 seconds .

========================================================================
Received Prepare
Shader 'Oculus/OVRMRCameraFrameLit': fallback shader 'Alpha-Diffuse' not found
Refreshing native plugins compatible for Editor in 19.77 ms, found 5 plugins.
Preloading 1 native plugins for Editor in 1.56 ms.
Unloading 27 Unused Serialized files (Serialized files now loaded: 0)
System memory in use before: 124.2 MB.
System memory in use after: 123.9 MB.

Unloading 27 unused Assets to reduce memory usage. Loaded Objects now: 2302.
Total: 37.919873 ms (FindLiveObjects: 0.566946 ms CreateObjectMapping: 0.193473 ms MarkObjects: 36.428488 ms  DeleteObjects: 0.728090 ms)

========================================================================
Received Import Request.
  Time since last request: 124.711043 seconds.
  path: Assets/Scripts/Target.cs
  artifactKey: Guid(e08f630ca5807524786f634c98af4728) Importer(815301076,1909f56bfc062723c751e8b465ee728b)
Start importing Assets/Scripts/Target.cs using Guid(e08f630ca5807524786f634c98af4728) Importer(815301076,1909f56bfc062723c751e8b465ee728b)  -> (artifact id: '2f3699812656360ddfe33ecb5a047772') in 0.008754 seconds
  Import took 0.026859 seconds .

========================================================================
Received Import Request.
  Time since last request: 0.002162 seconds.
  path: Assets/Scripts/Target.cs
  artifactKey: Guid(e08f630ca5807524786f634c98af4728) Importer(815301076,1909f56bfc062723c751e8b465ee728b)
Start importing Assets/Scripts/Target.cs using Guid(e08f630ca5807524786f634c98af4728) Importer(815301076,1909f56bfc062723c751e8b465ee728b)  -> (artifact id: '2f3699812656360ddfe33ecb5a047772') in 0.021925 seconds
  Import took 0.040154 seconds .

========================================================================
Received Prepare
Registering precompiled user dll's ...
Registered in 0.004029 seconds.
Begin MonoManager ReloadAssembly
Native extension for OSXStandalone target not found
Native extension for WebGL target not found
Refreshing native plugins compatible for Editor in 0.74 ms, found 5 plugins.
Preloading 1 native plugins for Editor in 1.08 ms.
Mono: successfully reloaded assembly
- Completed reload, in  1.969 seconds
Platform modules already initialized, skipping
Switching build target platform(2) subTarget(0) extendedPlatform(0) -> platform(13) subTarget(524288) extendedPlatform(0)
Shader 'Oculus/OVRMRCameraFrameLit': fallback shader 'Alpha-Diffuse' not found
Refreshing native plugins compatible for Editor in 2.17 ms, found 5 plugins.
Preloading 1 native plugins for Editor in 0.77 ms.
Unloading 1802 Unused Serialized files (Serialized files now loaded: 0)
System memory in use before: 154.8 MB.
System memory in use after: 154.6 MB.

Unloading 30 unused Assets to reduce memory usage. Loaded Objects now: 2306.
Total: 4.047741 ms (FindLiveObjects: 0.414526 ms CreateObjectMapping: 0.088660 ms MarkObjects: 2.823768 ms  DeleteObjects: 0.718824 ms)

AssetImportParameters requested are different than current active one (requested -> active):
  custom:graphics/normal-map-encoding: 01000000000000000000000000000000 -> 02000000000000000000000000000000
========================================================================
Received Prepare
Shader 'Oculus/OVRMRCameraFrameLit': fallback shader 'Alpha-Diffuse' not found
Refreshing native plugins compatible for Editor in 39.27 ms, found 5 plugins.
Preloading 1 native plugins for Editor in 1.07 ms.
Unloading 27 Unused Serialized files (Serialized files now loaded: 0)
System memory in use before: 124.5 MB.
System memory in use after: 124.3 MB.

Unloading 27 unused Assets to reduce memory usage. Loaded Objects now: 2306.
Total: 3.920708 ms (FindLiveObjects: 1.290225 ms CreateObjectMapping: 0.184753 ms MarkObjects: 1.962527 ms  DeleteObjects: 0.477943 ms)

========================================================================
Received Prepare
Registering precompiled user dll's ...
Registered in 0.003201 seconds.
Begin MonoManager ReloadAssembly
Native extension for OSXStandalone target not found
Native extension for WebGL target not found
Refreshing native plugins compatible for Editor in 0.89 ms, found 5 plugins.
Preloading 1 native plugins for Editor in 1.39 ms.
Mono: successfully reloaded assembly
- Completed reload, in  2.514 seconds
Platform modules already initialized, skipping
Switching build target platform(2) subTarget(0) extendedPlatform(0) -> platform(13) subTarget(524288) extendedPlatform(0)
Shader 'Oculus/OVRMRCameraFrameLit': fallback shader 'Alpha-Diffuse' not found
Refreshing native plugins compatible for Editor in 0.72 ms, found 5 plugins.
Preloading 1 native plugins for Editor in 0.67 ms.
Unloading 1802 Unused Serialized files (Serialized files now loaded: 0)
System memory in use before: 155.1 MB.
System memory in use after: 154.9 MB.

Unloading 30 unused Assets to reduce memory usage. Loaded Objects now: 2310.
Total: 4.234487 ms (FindLiveObjects: 0.960912 ms CreateObjectMapping: 0.376037 ms MarkObjects: 2.445077 ms  DeleteObjects: 0.450291 ms)

AssetImportParameters requested are different than current active one (requested -> active):
  custom:graphics/normal-map-encoding: 01000000000000000000000000000000 -> 02000000000000000000000000000000
========================================================================
Received Prepare
Shader 'Oculus/OVRMRCameraFrameLit': fallback shader 'Alpha-Diffuse' not found
Refreshing native plugins compatible for Editor in 25.89 ms, found 5 plugins.
Preloading 1 native plugins for Editor in 2.32 ms.
Unloading 27 Unused Serialized files (Serialized files now loaded: 0)
System memory in use before: 124.8 MB.
System memory in use after: 124.5 MB.

Unloading 27 unused Assets to reduce memory usage. Loaded Objects now: 2310.
Total: 3.242577 ms (FindLiveObjects: 0.272447 ms CreateObjectMapping: 0.063021 ms MarkObjects: 2.223441 ms  DeleteObjects: 0.681163 ms)

========================================================================
Received Prepare
Registering precompiled user dll's ...
Registered in 0.003339 seconds.
Begin MonoManager ReloadAssembly
Native extension for OSXStandalone target not found
Native extension for WebGL target not found
Refreshing native plugins compatible for Editor in 1.23 ms, found 5 plugins.
Preloading 1 native plugins for Editor in 1.05 ms.
Mono: successfully reloaded assembly
- Completed reload, in  1.911 seconds
Platform modules already initialized, skipping
Switching build target platform(2) subTarget(0) extendedPlatform(0) -> platform(13) subTarget(524288) extendedPlatform(0)
Shader 'Oculus/OVRMRCameraFrameLit': fallback shader 'Alpha-Diffuse' not found
Refreshing native plugins compatible for Editor in 0.76 ms, found 5 plugins.
Preloading 1 native plugins for Editor in 1.06 ms.
Unloading 1802 Unused Serialized files (Serialized files now loaded: 0)
System memory in use before: 155.4 MB.
System memory in use after: 155.2 MB.

Unloading 30 unused Assets to reduce memory usage. Loaded Objects now: 2314.
Total: 2.912310 ms (FindLiveObjects: 0.416904 ms CreateObjectMapping: 0.068889 ms MarkObjects: 1.945636 ms  DeleteObjects: 0.479547 ms)

AssetImportParameters requested are different than current active one (requested -> active):
  custom:graphics/normal-map-encoding: 01000000000000000000000000000000 -> 02000000000000000000000000000000
========================================================================
Received Prepare
Shader 'Oculus/OVRMRCameraFrameLit': fallback shader 'Alpha-Diffuse' not found
Refreshing native plugins compatible for Editor in 26.21 ms, found 5 plugins.
Preloading 1 native plugins for Editor in 0.73 ms.
Unloading 27 Unused Serialized files (Serialized files now loaded: 0)
System memory in use before: 125.1 MB.
System memory in use after: 124.8 MB.

Unloading 27 unused Assets to reduce memory usage. Loaded Objects now: 2314.
Total: 4.141073 ms (FindLiveObjects: 0.407849 ms CreateObjectMapping: 0.201175 ms MarkObjects: 2.980524 ms  DeleteObjects: 0.529337 ms)

========================================================================
Received Prepare
Shader 'Oculus/OVRMRCameraFrameLit': fallback shader 'Alpha-Diffuse' not found
Refreshing native plugins compatible for Editor in 15.54 ms, found 5 plugins.
Preloading 1 native plugins for Editor in 1.42 ms.
Unloading 27 Unused Serialized files (Serialized files now loaded: 0)
System memory in use before: 125.1 MB.
System memory in use after: 125.0 MB.

Unloading 27 unused Assets to reduce memory usage. Loaded Objects now: 2314.
Total: 37.094689 ms (FindLiveObjects: 1.012857 ms CreateObjectMapping: 0.130993 ms MarkObjects: 35.055686 ms  DeleteObjects: 0.892234 ms)

========================================================================
Received Prepare
Registering precompiled user dll's ...
Registered in 0.009374 seconds.
Begin MonoManager ReloadAssembly
Native extension for OSXStandalone target not found
Native extension for WebGL target not found
Refreshing native plugins compatible for Editor in 0.82 ms, found 5 plugins.
Preloading 1 native plugins for Editor in 1.17 ms.
Mono: successfully reloaded assembly
- Completed reload, in  1.735 seconds
Platform modules already initialized, skipping
Switching build target platform(2) subTarget(0) extendedPlatform(0) -> platform(13) subTarget(524288) extendedPlatform(0)
Shader 'Oculus/OVRMRCameraFrameLit': fallback shader 'Alpha-Diffuse' not found
Refreshing native plugins compatible for Editor in 0.76 ms, found 5 plugins.
Preloading 1 native plugins for Editor in 0.65 ms.
Unloading 1802 Unused Serialized files (Serialized files now loaded: 0)
System memory in use before: 155.9 MB.
System memory in use after: 155.6 MB.

Unloading 30 unused Assets to reduce memory usage. Loaded Objects now: 2318.
Total: 3.753987 ms (FindLiveObjects: 0.340947 ms CreateObjectMapping: 0.071440 ms MarkObjects: 2.666910 ms  DeleteObjects: 0.671713 ms)

AssetImportParameters requested are different than current active one (requested -> active):
  custom:graphics/normal-map-encoding: 01000000000000000000000000000000 -> 02000000000000000000000000000000
========================================================================
Received Prepare
Registering precompiled user dll's ...
Registered in 0.005473 seconds.
Begin MonoManager ReloadAssembly
Native extension for OSXStandalone target not found
Native extension for WebGL target not found
Refreshing native plugins compatible for Editor in 0.99 ms, found 5 plugins.
Preloading 1 native plugins for Editor in 0.90 ms.
Mono: successfully reloaded assembly
- Completed reload, in  1.977 seconds
Platform modules already initialized, skipping
Switching build target platform(2) subTarget(0) extendedPlatform(0) -> platform(13) subTarget(524288) extendedPlatform(0)
Shader 'Oculus/OVRMRCameraFrameLit': fallback shader 'Alpha-Diffuse' not found
Refreshing native plugins compatible for Editor in 1.23 ms, found 5 plugins.
Preloading 1 native plugins for Editor in 0.70 ms.
Unloading 1802 Unused Serialized files (Serialized files now loaded: 0)
System memory in use before: 156.0 MB.
System memory in use after: 155.8 MB.

Unloading 30 unused Assets to reduce memory usage. Loaded Objects now: 2322.
Total: 2.559442 ms (FindLiveObjects: 0.320688 ms CreateObjectMapping: 0.069332 ms MarkObjects: 1.748588 ms  DeleteObjects: 0.419554 ms)

AssetImportParameters requested are different than current active one (requested -> active):
  custom:graphics/normal-map-encoding: 01000000000000000000000000000000 -> 02000000000000000000000000000000
========================================================================
Received Prepare
Registering precompiled user dll's ...
Registered in 0.005678 seconds.
Begin MonoManager ReloadAssembly
Native extension for OSXStandalone target not found
Native extension for WebGL target not found
Refreshing native plugins compatible for Editor in 1.85 ms, found 5 plugins.
Preloading 1 native plugins for Editor in 2.17 ms.
Mono: successfully reloaded assembly
- Completed reload, in  1.819 seconds
Platform modules already initialized, skipping
Switching build target platform(2) subTarget(0) extendedPlatform(0) -> platform(13) subTarget(524288) extendedPlatform(0)
Shader 'Oculus/OVRMRCameraFrameLit': fallback shader 'Alpha-Diffuse' not found
Refreshing native plugins compatible for Editor in 0.74 ms, found 5 plugins.
Preloading 1 native plugins for Editor in 0.73 ms.
Unloading 1802 Unused Serialized files (Serialized files now loaded: 0)
System memory in use before: 156.3 MB.
System memory in use after: 156.0 MB.

Unloading 30 unused Assets to reduce memory usage. Loaded Objects now: 2326.
Total: 3.574849 ms (FindLiveObjects: 0.330680 ms CreateObjectMapping: 0.070366 ms MarkObjects: 2.669082 ms  DeleteObjects: 0.501777 ms)

AssetImportParameters requested are different than current active one (requested -> active):
  custom:graphics/normal-map-encoding: 01000000000000000000000000000000 -> 02000000000000000000000000000000
========================================================================
Received Prepare
Registering precompiled user dll's ...
Registered in 0.003101 seconds.
Begin MonoManager ReloadAssembly
Native extension for OSXStandalone target not found
Native extension for WebGL target not found
Refreshing native plugins compatible for Editor in 0.83 ms, found 5 plugins.
Preloading 1 native plugins for Editor in 1.04 ms.
Mono: successfully reloaded assembly
- Completed reload, in  1.685 seconds
Platform modules already initialized, skipping
Switching build target platform(2) subTarget(0) extendedPlatform(0) -> platform(13) subTarget(524288) extendedPlatform(0)
Shader 'Oculus/OVRMRCameraFrameLit': fallback shader 'Alpha-Diffuse' not found
Refreshing native plugins compatible for Editor in 0.71 ms, found 5 plugins.
Preloading 1 native plugins for Editor in 0.64 ms.
Unloading 1802 Unused Serialized files (Serialized files now loaded: 0)
System memory in use before: 156.4 MB.
System memory in use after: 156.2 MB.

Unloading 30 unused Assets to reduce memory usage. Loaded Objects now: 2330.
Total: 2.633133 ms (FindLiveObjects: 0.220406 ms CreateObjectMapping: 0.066797 ms MarkObjects: 1.858445 ms  DeleteObjects: 0.484914 ms)

AssetImportParameters requested are different than current active one (requested -> active):
  custom:graphics/normal-map-encoding: 01000000000000000000000000000000 -> 02000000000000000000000000000000
========================================================================
Received Prepare
Shader 'Oculus/OVRMRCameraFrameLit': fallback shader 'Alpha-Diffuse' not found
Refreshing native plugins compatible for Editor in 19.69 ms, found 5 plugins.
Preloading 1 native plugins for Editor in 0.65 ms.
Unloading 27 Unused Serialized files (Serialized files now loaded: 0)
System memory in use before: 126.0 MB.
System memory in use after: 125.8 MB.

Unloading 27 unused Assets to reduce memory usage. Loaded Objects now: 2330.
Total: 3.862050 ms (FindLiveObjects: 0.754445 ms CreateObjectMapping: 0.276532 ms MarkObjects: 2.347383 ms  DeleteObjects: 0.481241 ms)

========================================================================
Received Prepare
Shader 'Oculus/OVRMRCameraFrameLit': fallback shader 'Alpha-Diffuse' not found
Refreshing native plugins compatible for Editor in 24.57 ms, found 5 plugins.
Preloading 1 native plugins for Editor in 3.97 ms.
Unloading 27 Unused Serialized files (Serialized files now loaded: 0)
System memory in use before: 126.1 MB.
System memory in use after: 125.9 MB.

Unloading 27 unused Assets to reduce memory usage. Loaded Objects now: 2330.
Total: 42.667628 ms (FindLiveObjects: 6.955036 ms CreateObjectMapping: 0.566241 ms MarkObjects: 34.327107 ms  DeleteObjects: 0.816115 ms)

========================================================================
Received Prepare
Registering precompiled user dll's ...
Registered in 0.012354 seconds.
Begin MonoManager ReloadAssembly
Native extension for OSXStandalone target not found
Native extension for WebGL target not found
Refreshing native plugins compatible for Editor in 1.52 ms, found 5 plugins.
Preloading 1 native plugins for Editor in 0.84 ms.
Mono: successfully reloaded assembly
- Completed reload, in  2.011 seconds
Platform modules already initialized, skipping
Switching build target platform(2) subTarget(0) extendedPlatform(0) -> platform(13) subTarget(524288) extendedPlatform(0)
Shader 'Oculus/OVRMRCameraFrameLit': fallback shader 'Alpha-Diffuse' not found
Refreshing native plugins compatible for Editor in 0.81 ms, found 5 plugins.
Preloading 1 native plugins for Editor in 0.86 ms.
Unloading 1802 Unused Serialized files (Serialized files now loaded: 0)
System memory in use before: 156.8 MB.
System memory in use after: 156.6 MB.

Unloading 30 unused Assets to reduce memory usage. Loaded Objects now: 2334.
Total: 3.330533 ms (FindLiveObjects: 0.697965 ms CreateObjectMapping: 0.138746 ms MarkObjects: 1.927079 ms  DeleteObjects: 0.564864 ms)

AssetImportParameters requested are different than current active one (requested -> active):
  custom:graphics/normal-map-encoding: 01000000000000000000000000000000 -> 02000000000000000000000000000000
========================================================================
Received Prepare
Registering precompiled user dll's ...
Registered in 0.005024 seconds.
Begin MonoManager ReloadAssembly
Native extension for OSXStandalone target not found
Native extension for WebGL target not found
Refreshing native plugins compatible for Editor in 0.79 ms, found 5 plugins.
Preloading 1 native plugins for Editor in 1.13 ms.
Mono: successfully reloaded assembly
- Completed reload, in  1.845 seconds
Platform modules already initialized, skipping
Switching build target platform(2) subTarget(0) extendedPlatform(0) -> platform(13) subTarget(524288) extendedPlatform(0)
Shader 'Oculus/OVRMRCameraFrameLit': fallback shader 'Alpha-Diffuse' not found
Refreshing native plugins compatible for Editor in 0.88 ms, found 5 plugins.
Preloading 1 native plugins for Editor in 1.81 ms.
Unloading 1802 Unused Serialized files (Serialized files now loaded: 0)
System memory in use before: 157.0 MB.
System memory in use after: 156.8 MB.

Unloading 30 unused Assets to reduce memory usage. Loaded Objects now: 2338.
Total: 3.089968 ms (FindLiveObjects: 0.365208 ms CreateObjectMapping: 0.069687 ms MarkObjects: 1.910036 ms  DeleteObjects: 0.741706 ms)

AssetImportParameters requested are different than current active one (requested -> active):
  custom:graphics/normal-map-encoding: 01000000000000000000000000000000 -> 02000000000000000000000000000000
========================================================================
Received Prepare
Shader 'Oculus/OVRMRCameraFrameLit': fallback shader 'Alpha-Diffuse' not found
Refreshing native plugins compatible for Editor in 14.48 ms, found 5 plugins.
Preloading 1 native plugins for Editor in 0.63 ms.
Unloading 27 Unused Serialized files (Serialized files now loaded: 0)
System memory in use before: 126.6 MB.
System memory in use after: 126.4 MB.

Unloading 27 unused Assets to reduce memory usage. Loaded Objects now: 2338.
Total: 3.856831 ms (FindLiveObjects: 0.278809 ms CreateObjectMapping: 0.064766 ms MarkObjects: 3.039049 ms  DeleteObjects: 0.472248 ms)

========================================================================
Received Prepare
Registering precompiled user dll's ...
Registered in 0.003668 seconds.
Begin MonoManager ReloadAssembly
Native extension for OSXStandalone target not found
Native extension for WebGL target not found
Refreshing native plugins compatible for Editor in 0.81 ms, found 5 plugins.
Preloading 1 native plugins for Editor in 1.38 ms.
Mono: successfully reloaded assembly
- Completed reload, in  1.970 seconds
Platform modules already initialized, skipping
Switching build target platform(2) subTarget(0) extendedPlatform(0) -> platform(13) subTarget(524288) extendedPlatform(0)
Shader 'Oculus/OVRMRCameraFrameLit': fallback shader 'Alpha-Diffuse' not found
Refreshing native plugins compatible for Editor in 0.79 ms, found 5 plugins.
Preloading 1 native plugins for Editor in 0.73 ms.
Unloading 1802 Unused Serialized files (Serialized files now loaded: 0)
System memory in use before: 157.2 MB.
System memory in use after: 157.0 MB.

Unloading 30 unused Assets to reduce memory usage. Loaded Objects now: 2342.
Total: 3.135833 ms (FindLiveObjects: 0.338778 ms CreateObjectMapping: 0.079823 ms MarkObjects: 2.105265 ms  DeleteObjects: 0.608448 ms)

AssetImportParameters requested are different than current active one (requested -> active):
  custom:graphics/normal-map-encoding: 01000000000000000000000000000000 -> 02000000000000000000000000000000
========================================================================
Received Prepare
Shader 'Oculus/OVRMRCameraFrameLit': fallback shader 'Alpha-Diffuse' not found
Refreshing native plugins compatible for Editor in 34.78 ms, found 5 plugins.
Preloading 1 native plugins for Editor in 0.66 ms.
Unloading 27 Unused Serialized files (Serialized files now loaded: 0)
System memory in use before: 126.9 MB.
System memory in use after: 126.7 MB.

Unloading 27 unused Assets to reduce memory usage. Loaded Objects now: 2342.
Total: 3.049404 ms (FindLiveObjects: 0.340558 ms CreateObjectMapping: 0.130248 ms MarkObjects: 2.086257 ms  DeleteObjects: 0.490157 ms)

========================================================================
Received Prepare
Registering precompiled user dll's ...
Registered in 0.004890 seconds.
Begin MonoManager ReloadAssembly
Native extension for OSXStandalone target not found
Native extension for WebGL target not found
Refreshing native plugins compatible for Editor in 0.74 ms, found 5 plugins.
Preloading 1 native plugins for Editor in 1.07 ms.
Mono: successfully reloaded assembly
- Completed reload, in  1.692 seconds
Platform modules already initialized, skipping
Switching build target platform(2) subTarget(0) extendedPlatform(0) -> platform(13) subTarget(524288) extendedPlatform(0)
Shader 'Oculus/OVRMRCameraFrameLit': fallback shader 'Alpha-Diffuse' not found
Refreshing native plugins compatible for Editor in 0.72 ms, found 5 plugins.
Preloading 1 native plugins for Editor in 0.66 ms.
Unloading 1802 Unused Serialized files (Serialized files now loaded: 0)
System memory in use before: 157.5 MB.
System memory in use after: 157.3 MB.

Unloading 30 unused Assets to reduce memory usage. Loaded Objects now: 2346.
Total: 4.321052 ms (FindLiveObjects: 0.609812 ms CreateObjectMapping: 0.160856 ms MarkObjects: 3.027674 ms  DeleteObjects: 0.519837 ms)

AssetImportParameters requested are different than current active one (requested -> active):
  custom:graphics/normal-map-encoding: 01000000000000000000000000000000 -> 02000000000000000000000000000000
========================================================================
Received Prepare
Registering precompiled user dll's ...
Registered in 0.006814 seconds.
Begin MonoManager ReloadAssembly
Native extension for OSXStandalone target not found
Native extension for WebGL target not found
Refreshing native plugins compatible for Editor in 1.73 ms, found 5 plugins.
Preloading 1 native plugins for Editor in 3.59 ms.
Mono: successfully reloaded assembly
- Completed reload, in  1.941 seconds
Platform modules already initialized, skipping
Switching build target platform(2) subTarget(0) extendedPlatform(0) -> platform(13) subTarget(524288) extendedPlatform(0)
Shader 'Oculus/OVRMRCameraFrameLit': fallback shader 'Alpha-Diffuse' not found
Refreshing native plugins compatible for Editor in 0.70 ms, found 5 plugins.
Preloading 1 native plugins for Editor in 0.64 ms.
Unloading 1802 Unused Serialized files (Serialized files now loaded: 0)
System memory in use before: 157.7 MB.
System memory in use after: 157.5 MB.

Unloading 30 unused Assets to reduce memory usage. Loaded Objects now: 2350.
Total: 4.364348 ms (FindLiveObjects: 0.312133 ms CreateObjectMapping: 0.068802 ms MarkObjects: 3.423548 ms  DeleteObjects: 0.556960 ms)

AssetImportParameters requested are different than current active one (requested -> active):
  custom:graphics/normal-map-encoding: 01000000000000000000000000000000 -> 02000000000000000000000000000000
========================================================================
Received Prepare
Shader 'Oculus/OVRMRCameraFrameLit': fallback shader 'Alpha-Diffuse' not found
Refreshing native plugins compatible for Editor in 23.96 ms, found 5 plugins.
Preloading 1 native plugins for Editor in 1.19 ms.
Unloading 27 Unused Serialized files (Serialized files now loaded: 0)
System memory in use before: 127.4 MB.
System memory in use after: 127.2 MB.

Unloading 27 unused Assets to reduce memory usage. Loaded Objects now: 2350.
Total: 5.655019 ms (FindLiveObjects: 0.498024 ms CreateObjectMapping: 0.172211 ms MarkObjects: 4.212231 ms  DeleteObjects: 0.770220 ms)

========================================================================
Received Prepare
Registering precompiled user dll's ...
Registered in 0.004194 seconds.
Begin MonoManager ReloadAssembly
Native extension for OSXStandalone target not found
Native extension for WebGL target not found
Refreshing native plugins compatible for Editor in 0.77 ms, found 5 plugins.
Preloading 1 native plugins for Editor in 1.11 ms.
Mono: successfully reloaded assembly
- Completed reload, in  1.905 seconds
Platform modules already initialized, skipping
Switching build target platform(2) subTarget(0) extendedPlatform(0) -> platform(13) subTarget(524288) extendedPlatform(0)
Shader 'Oculus/OVRMRCameraFrameLit': fallback shader 'Alpha-Diffuse' not found
Refreshing native plugins compatible for Editor in 0.70 ms, found 5 plugins.
Preloading 1 native plugins for Editor in 0.64 ms.
Unloading 1802 Unused Serialized files (Serialized files now loaded: 0)
System memory in use before: 158.1 MB.
System memory in use after: 157.8 MB.

Unloading 30 unused Assets to reduce memory usage. Loaded Objects now: 2354.
Total: 4.595883 ms (FindLiveObjects: 0.460531 ms CreateObjectMapping: 0.133764 ms MarkObjects: 3.091155 ms  DeleteObjects: 0.897774 ms)

AssetImportParameters requested are different than current active one (requested -> active):
  custom:graphics/normal-map-encoding: 01000000000000000000000000000000 -> 02000000000000000000000000000000
========================================================================
Received Prepare
Shader 'Oculus/OVRMRCameraFrameLit': fallback shader 'Alpha-Diffuse' not found
Refreshing native plugins compatible for Editor in 25.94 ms, found 5 plugins.
Preloading 1 native plugins for Editor in 4.26 ms.
Unloading 27 Unused Serialized files (Serialized files now loaded: 0)
System memory in use before: 127.7 MB.
System memory in use after: 127.5 MB.

Unloading 27 unused Assets to reduce memory usage. Loaded Objects now: 2354.
Total: 4.202070 ms (FindLiveObjects: 0.559766 ms CreateObjectMapping: 0.075288 ms MarkObjects: 2.898194 ms  DeleteObjects: 0.639881 ms)

========================================================================
Received Prepare
Registering precompiled user dll's ...
Registered in 0.003664 seconds.
Begin MonoManager ReloadAssembly
Native extension for OSXStandalone target not found
Native extension for WebGL target not found
Refreshing native plugins compatible for Editor in 0.79 ms, found 5 plugins.
Preloading 1 native plugins for Editor in 0.71 ms.
Mono: successfully reloaded assembly
- Completed reload, in  2.397 seconds
Platform modules already initialized, skipping
Switching build target platform(2) subTarget(0) extendedPlatform(0) -> platform(13) subTarget(524288) extendedPlatform(0)
Shader 'Oculus/OVRMRCameraFrameLit': fallback shader 'Alpha-Diffuse' not found
Refreshing native plugins compatible for Editor in 0.76 ms, found 5 plugins.
Preloading 1 native plugins for Editor in 0.71 ms.
Unloading 1802 Unused Serialized files (Serialized files now loaded: 0)
System memory in use before: 158.3 MB.
System memory in use after: 158.1 MB.

Unloading 30 unused Assets to reduce memory usage. Loaded Objects now: 2358.
Total: 2.625952 ms (FindLiveObjects: 0.243829 ms CreateObjectMapping: 0.068569 ms MarkObjects: 1.799393 ms  DeleteObjects: 0.511700 ms)

AssetImportParameters requested are different than current active one (requested -> active):
  custom:graphics/normal-map-encoding: 01000000000000000000000000000000 -> 02000000000000000000000000000000
========================================================================
Received Prepare
Shader 'Oculus/OVRMRCameraFrameLit': fallback shader 'Alpha-Diffuse' not found
Refreshing native plugins compatible for Editor in 27.04 ms, found 5 plugins.
Preloading 1 native plugins for Editor in 1.06 ms.
Unloading 27 Unused Serialized files (Serialized files now loaded: 0)
System memory in use before: 128.0 MB.
System memory in use after: 127.7 MB.

Unloading 27 unused Assets to reduce memory usage. Loaded Objects now: 2358.
Total: 4.823497 ms (FindLiveObjects: 0.441286 ms CreateObjectMapping: 0.192714 ms MarkObjects: 3.484116 ms  DeleteObjects: 0.703016 ms)

========================================================================
Received Prepare
Shader 'Oculus/OVRMRCameraFrameLit': fallback shader 'Alpha-Diffuse' not found
Refreshing native plugins compatible for Editor in 15.61 ms, found 5 plugins.
Preloading 1 native plugins for Editor in 1.70 ms.
Unloading 27 Unused Serialized files (Serialized files now loaded: 0)
System memory in use before: 128.1 MB.
System memory in use after: 127.9 MB.

Unloading 27 unused Assets to reduce memory usage. Loaded Objects now: 2358.
Total: 6.265548 ms (FindLiveObjects: 1.067232 ms CreateObjectMapping: 0.264639 ms MarkObjects: 4.446403 ms  DeleteObjects: 0.485075 ms)

========================================================================
Received Prepare
Registering precompiled user dll's ...
Registered in 0.005276 seconds.
Begin MonoManager ReloadAssembly
Native extension for OSXStandalone target not found
Native extension for WebGL target not found
Refreshing native plugins compatible for Editor in 0.80 ms, found 5 plugins.
Preloading 1 native plugins for Editor in 1.05 ms.
Mono: successfully reloaded assembly
- Completed reload, in  1.800 seconds
Platform modules already initialized, skipping
Switching build target platform(2) subTarget(0) extendedPlatform(0) -> platform(13) subTarget(524288) extendedPlatform(0)
Shader 'Oculus/OVRMRCameraFrameLit': fallback shader 'Alpha-Diffuse' not found
Refreshing native plugins compatible for Editor in 0.72 ms, found 5 plugins.
Preloading 1 native plugins for Editor in 0.65 ms.
Unloading 1802 Unused Serialized files (Serialized files now loaded: 0)
System memory in use before: 158.7 MB.
System memory in use after: 158.5 MB.

Unloading 30 unused Assets to reduce memory usage. Loaded Objects now: 2362.
Total: 4.819903 ms (FindLiveObjects: 0.718730 ms CreateObjectMapping: 0.230280 ms MarkObjects: 3.333637 ms  DeleteObjects: 0.535428 ms)

AssetImportParameters requested are different than current active one (requested -> active):
  custom:graphics/normal-map-encoding: 01000000000000000000000000000000 -> 02000000000000000000000000000000
========================================================================
Received Prepare
Registering precompiled user dll's ...
Registered in 0.003842 seconds.
Begin MonoManager ReloadAssembly
Native extension for OSXStandalone target not found
Native extension for WebGL target not found
Refreshing native plugins compatible for Editor in 1.04 ms, found 5 plugins.
Preloading 1 native plugins for Editor in 1.10 ms.
Mono: successfully reloaded assembly
- Completed reload, in  2.053 seconds
Platform modules already initialized, skipping
Switching build target platform(2) subTarget(0) extendedPlatform(0) -> platform(13) subTarget(524288) extendedPlatform(0)
Shader 'Oculus/OVRMRCameraFrameLit': fallback shader 'Alpha-Diffuse' not found
Refreshing native plugins compatible for Editor in 0.78 ms, found 5 plugins.
Preloading 1 native plugins for Editor in 1.83 ms.
Unloading 1802 Unused Serialized files (Serialized files now loaded: 0)
System memory in use before: 159.0 MB.
System memory in use after: 158.8 MB.

Unloading 30 unused Assets to reduce memory usage. Loaded Objects now: 2366.
Total: 4.466915 ms (FindLiveObjects: 0.402059 ms CreateObjectMapping: 0.137720 ms MarkObjects: 3.108807 ms  DeleteObjects: 0.815519 ms)

AssetImportParameters requested are different than current active one (requested -> active):
  custom:graphics/normal-map-encoding: 01000000000000000000000000000000 -> 02000000000000000000000000000000
========================================================================
Received Prepare
Shader 'Oculus/OVRMRCameraFrameLit': fallback shader 'Alpha-Diffuse' not found
Refreshing native plugins compatible for Editor in 18.42 ms, found 5 plugins.
Preloading 1 native plugins for Editor in 0.96 ms.
Unloading 27 Unused Serialized files (Serialized files now loaded: 0)
System memory in use before: 128.7 MB.
System memory in use after: 128.5 MB.

Unloading 27 unused Assets to reduce memory usage. Loaded Objects now: 2366.
Total: 5.073912 ms (FindLiveObjects: 0.244351 ms CreateObjectMapping: 0.067357 ms MarkObjects: 4.018582 ms  DeleteObjects: 0.740458 ms)

========================================================================
Received Prepare
Registering precompiled user dll's ...
Registered in 0.003420 seconds.
Begin MonoManager ReloadAssembly
Native extension for OSXStandalone target not found
Native extension for WebGL target not found
Refreshing native plugins compatible for Editor in 0.76 ms, found 5 plugins.
Preloading 1 native plugins for Editor in 1.09 ms.
Mono: successfully reloaded assembly
- Completed reload, in  2.083 seconds
Platform modules already initialized, skipping
Switching build target platform(2) subTarget(0) extendedPlatform(0) -> platform(13) subTarget(524288) extendedPlatform(0)
Shader 'Oculus/OVRMRCameraFrameLit': fallback shader 'Alpha-Diffuse' not found
Refreshing native plugins compatible for Editor in 1.59 ms, found 5 plugins.
Preloading 1 native plugins for Editor in 0.70 ms.
Unloading 1802 Unused Serialized files (Serialized files now loaded: 0)
System memory in use before: 159.3 MB.
System memory in use after: 159.1 MB.

Unloading 30 unused Assets to reduce memory usage. Loaded Objects now: 2370.
Total: 2.801268 ms (FindLiveObjects: 0.310747 ms CreateObjectMapping: 0.068889 ms MarkObjects: 1.947701 ms  DeleteObjects: 0.471912 ms)

AssetImportParameters requested are different than current active one (requested -> active):
  custom:graphics/normal-map-encoding: 01000000000000000000000000000000 -> 02000000000000000000000000000000
========================================================================
Received Prepare
Shader 'Oculus/OVRMRCameraFrameLit': fallback shader 'Alpha-Diffuse' not found
Refreshing native plugins compatible for Editor in 19.98 ms, found 5 plugins.
Preloading 1 native plugins for Editor in 1.73 ms.
Unloading 27 Unused Serialized files (Serialized files now loaded: 0)
System memory in use before: 129.0 MB.
System memory in use after: 128.8 MB.

Unloading 27 unused Assets to reduce memory usage. Loaded Objects now: 2370.
Total: 30.016632 ms (FindLiveObjects: 0.874998 ms CreateObjectMapping: 0.083984 ms MarkObjects: 28.427909 ms  DeleteObjects: 0.627400 ms)

========================================================================
Received Prepare
Shader 'Oculus/OVRMRCameraFrameLit': fallback shader 'Alpha-Diffuse' not found
Refreshing native plugins compatible for Editor in 18.71 ms, found 5 plugins.
Preloading 1 native plugins for Editor in 1.56 ms.
Unloading 27 Unused Serialized files (Serialized files now loaded: 0)
System memory in use before: 129.1 MB.
System memory in use after: 128.9 MB.

Unloading 27 unused Assets to reduce memory usage. Loaded Objects now: 2370.
Total: 35.747716 ms (FindLiveObjects: 1.551414 ms CreateObjectMapping: 0.161181 ms MarkObjects: 33.243220 ms  DeleteObjects: 0.789151 ms)

========================================================================
Received Import Request.
  Time since last request: 12739.281337 seconds.
  path: Assets/Nokobot/Modern Guns - Handgun/Effects/MuzzleFlash.mat
  artifactKey: Guid(3b9b73bdf59096b4f8ca30c0a5d98a45) Importer(815301076,1909f56bfc062723c751e8b465ee728b)
Start importing Assets/Nokobot/Modern Guns - Handgun/Effects/MuzzleFlash.mat using Guid(3b9b73bdf59096b4f8ca30c0a5d98a45) Importer(815301076,1909f56bfc062723c751e8b465ee728b)  -> (artifact id: '39d247f7c7b62d5bb2bbe0010187d55e') in 6.532363 seconds
  Import took 6.543538 seconds .

========================================================================
Received Import Request.
  Time since last request: 0.000656 seconds.
  path: Assets/Nokobot/Modern Guns - Handgun/Effects/MuzzleFlash.prefab
  artifactKey: Guid(3dd9cf2e209c504448f1c4c6835675cf) Importer(815301076,1909f56bfc062723c751e8b465ee728b)
Start importing Assets/Nokobot/Modern Guns - Handgun/Effects/MuzzleFlash.prefab using Guid(3dd9cf2e209c504448f1c4c6835675cf) Importer(815301076,1909f56bfc062723c751e8b465ee728b)  -> (artifact id: '37981b96422303ff27c57e9fa12b21d0') in 0.576291 seconds
  Import took 0.581176 seconds .

========================================================================
Received Import Request.
  Time since last request: 0.000311 seconds.
  path: Assets/Nokobot/Modern Guns - Handgun/Effects/MuzzleFlash_SpriteSheet.png
  artifactKey: Guid(6fc0c6421525c1844804ab1d17f1adda) Importer(815301076,1909f56bfc062723c751e8b465ee728b)
Start importing Assets/Nokobot/Modern Guns - Handgun/Effects/MuzzleFlash_SpriteSheet.png using Guid(6fc0c6421525c1844804ab1d17f1adda) Importer(815301076,1909f56bfc062723c751e8b465ee728b)  -> (artifact id: '4b658dbd04303d497c161bcd51302b74') in 1.704971 seconds
  Import took 1.709305 seconds .

========================================================================
Received Prepare
Registering precompiled user dll's ...
Registered in 0.004713 seconds.
Begin MonoManager ReloadAssembly
Native extension for OSXStandalone target not found
Native extension for WebGL target not found
Refreshing native plugins compatible for Editor in 0.82 ms, found 5 plugins.
Preloading 1 native plugins for Editor in 0.74 ms.
Mono: successfully reloaded assembly
- Completed reload, in  2.668 seconds
Platform modules already initialized, skipping
Switching build target platform(2) subTarget(0) extendedPlatform(0) -> platform(13) subTarget(524288) extendedPlatform(0)
Shader 'Oculus/OVRMRCameraFrameLit': fallback shader 'Alpha-Diffuse' not found
Refreshing native plugins compatible for Editor in 1.54 ms, found 5 plugins.
Preloading 1 native plugins for Editor in 1.58 ms.
Unloading 1802 Unused Serialized files (Serialized files now loaded: 0)
System memory in use before: 176.3 MB.
System memory in use after: 176.1 MB.

Unloading 30 unused Assets to reduce memory usage. Loaded Objects now: 2417.
Total: 5.126754 ms (FindLiveObjects: 0.531084 ms CreateObjectMapping: 0.166961 ms MarkObjects: 3.846795 ms  DeleteObjects: 0.579643 ms)

AssetImportParameters requested are different than current active one (requested -> active):
  custom:graphics/normal-map-encoding: 01000000000000000000000000000000 -> 02000000000000000000000000000000
========================================================================
Received Prepare
Shader 'Oculus/OVRMRCameraFrameLit': fallback shader 'Alpha-Diffuse' not found
Refreshing native plugins compatible for Editor in 18.18 ms, found 5 plugins.
Preloading 1 native plugins for Editor in 0.94 ms.
Unloading 27 Unused Serialized files (Serialized files now loaded: 0)
System memory in use before: 146.1 MB.
System memory in use after: 145.8 MB.

Unloading 27 unused Assets to reduce memory usage. Loaded Objects now: 2417.
Total: 4.888475 ms (FindLiveObjects: 1.086553 ms CreateObjectMapping: 0.164064 ms MarkObjects: 3.068884 ms  DeleteObjects: 0.566060 ms)

========================================================================
Received Prepare
Registering precompiled user dll's ...
Registered in 0.003691 seconds.
Begin MonoManager ReloadAssembly
Native extension for OSXStandalone target not found
Native extension for WebGL target not found
Refreshing native plugins compatible for Editor in 0.90 ms, found 5 plugins.
Preloading 1 native plugins for Editor in 0.79 ms.
Mono: successfully reloaded assembly
- Completed reload, in  1.794 seconds
Platform modules already initialized, skipping
Switching build target platform(2) subTarget(0) extendedPlatform(0) -> platform(13) subTarget(524288) extendedPlatform(0)
Shader 'Oculus/OVRMRCameraFrameLit': fallback shader 'Alpha-Diffuse' not found
Refreshing native plugins compatible for Editor in 1.03 ms, found 5 plugins.
Preloading 1 native plugins for Editor in 1.10 ms.
Unloading 1802 Unused Serialized files (Serialized files now loaded: 0)
System memory in use before: 176.6 MB.
System memory in use after: 176.4 MB.

Unloading 30 unused Assets to reduce memory usage. Loaded Objects now: 2421.
Total: 5.485922 ms (FindLiveObjects: 0.512151 ms CreateObjectMapping: 0.125159 ms MarkObjects: 4.231169 ms  DeleteObjects: 0.615191 ms)

AssetImportParameters requested are different than current active one (requested -> active):
  custom:graphics/normal-map-encoding: 01000000000000000000000000000000 -> 02000000000000000000000000000000
========================================================================
Received Prepare
Shader 'Oculus/OVRMRCameraFrameLit': fallback shader 'Alpha-Diffuse' not found
Refreshing native plugins compatible for Editor in 16.20 ms, found 5 plugins.
Preloading 1 native plugins for Editor in 0.92 ms.
Unloading 27 Unused Serialized files (Serialized files now loaded: 0)
System memory in use before: 146.4 MB.
System memory in use after: 146.1 MB.

Unloading 27 unused Assets to reduce memory usage. Loaded Objects now: 2421.
Total: 4.655428 ms (FindLiveObjects: 0.480759 ms CreateObjectMapping: 0.104333 ms MarkObjects: 3.341562 ms  DeleteObjects: 0.725697 ms)

========================================================================
Received Prepare
Registering precompiled user dll's ...
Registered in 0.003975 seconds.
Begin MonoManager ReloadAssembly
Native extension for OSXStandalone target not found
Native extension for WebGL target not found
Refreshing native plugins compatible for Editor in 0.71 ms, found 5 plugins.
Preloading 1 native plugins for Editor in 0.99 ms.
Mono: successfully reloaded assembly
- Completed reload, in  1.631 seconds
Platform modules already initialized, skipping
Switching build target platform(2) subTarget(0) extendedPlatform(0) -> platform(13) subTarget(524288) extendedPlatform(0)
Shader 'Oculus/OVRMRCameraFrameLit': fallback shader 'Alpha-Diffuse' not found
Refreshing native plugins compatible for Editor in 1.23 ms, found 5 plugins.
Preloading 1 native plugins for Editor in 0.96 ms.
Unloading 1802 Unused Serialized files (Serialized files now loaded: 0)
System memory in use before: 176.9 MB.
System memory in use after: 176.7 MB.

Unloading 30 unused Assets to reduce memory usage. Loaded Objects now: 2425.
Total: 3.934805 ms (FindLiveObjects: 1.073370 ms CreateObjectMapping: 0.607393 ms MarkObjects: 1.823611 ms  DeleteObjects: 0.428184 ms)

AssetImportParameters requested are different than current active one (requested -> active):
  custom:graphics/normal-map-encoding: 01000000000000000000000000000000 -> 02000000000000000000000000000000
========================================================================
Received Prepare
Shader 'Oculus/OVRMRCameraFrameLit': fallback shader 'Alpha-Diffuse' not found
Refreshing native plugins compatible for Editor in 18.41 ms, found 5 plugins.
Preloading 1 native plugins for Editor in 1.00 ms.
Unloading 27 Unused Serialized files (Serialized files now loaded: 0)
System memory in use before: 146.7 MB.
System memory in use after: 146.4 MB.

Unloading 27 unused Assets to reduce memory usage. Loaded Objects now: 2425.
Total: 4.638531 ms (FindLiveObjects: 0.732688 ms CreateObjectMapping: 0.071576 ms MarkObjects: 3.224451 ms  DeleteObjects: 0.607280 ms)

========================================================================
Received Prepare
Shader 'Oculus/OVRMRCameraFrameLit': fallback shader 'Alpha-Diffuse' not found
Refreshing native plugins compatible for Editor in 18.06 ms, found 5 plugins.
Preloading 1 native plugins for Editor in 1.67 ms.
Unloading 27 Unused Serialized files (Serialized files now loaded: 0)
System memory in use before: 146.8 MB.
System memory in use after: 146.6 MB.

Unloading 27 unused Assets to reduce memory usage. Loaded Objects now: 2425.
Total: 37.950604 ms (FindLiveObjects: 1.730833 ms CreateObjectMapping: 0.208101 ms MarkObjects: 34.536371 ms  DeleteObjects: 1.471992 ms)

========================================================================
Received Prepare
Shader 'Oculus/OVRMRCameraFrameLit': fallback shader 'Alpha-Diffuse' not found
Refreshing native plugins compatible for Editor in 15.19 ms, found 5 plugins.
Preloading 1 native plugins for Editor in 0.64 ms.
Unloading 27 Unused Serialized files (Serialized files now loaded: 0)
System memory in use before: 146.9 MB.
System memory in use after: 146.7 MB.

Unloading 27 unused Assets to reduce memory usage. Loaded Objects now: 2425.
Total: 5.076446 ms (FindLiveObjects: 0.576858 ms CreateObjectMapping: 0.114410 ms MarkObjects: 3.720448 ms  DeleteObjects: 0.661177 ms)

========================================================================
Received Prepare
Shader 'Oculus/OVRMRCameraFrameLit': fallback shader 'Alpha-Diffuse' not found
Refreshing native plugins compatible for Editor in 17.06 ms, found 5 plugins.
Preloading 1 native plugins for Editor in 1.59 ms.
Unloading 27 Unused Serialized files (Serialized files now loaded: 0)
System memory in use before: 147.0 MB.
System memory in use after: 146.8 MB.

Unloading 27 unused Assets to reduce memory usage. Loaded Objects now: 2425.
Total: 30.797932 ms (FindLiveObjects: 1.964547 ms CreateObjectMapping: 0.219358 ms MarkObjects: 27.754063 ms  DeleteObjects: 0.854998 ms)

========================================================================
Received Prepare
Shader 'Oculus/OVRMRCameraFrameLit': fallback shader 'Alpha-Diffuse' not found
Refreshing native plugins compatible for Editor in 14.95 ms, found 5 plugins.
Preloading 1 native plugins for Editor in 1.45 ms.
Unloading 27 Unused Serialized files (Serialized files now loaded: 0)
System memory in use before: 147.1 MB.
System memory in use after: 146.9 MB.

Unloading 27 unused Assets to reduce memory usage. Loaded Objects now: 2425.
Total: 36.274453 ms (FindLiveObjects: 1.080860 ms CreateObjectMapping: 0.080145 ms MarkObjects: 34.339446 ms  DeleteObjects: 0.770323 ms)

========================================================================
Received Prepare
Shader 'Oculus/OVRMRCameraFrameLit': fallback shader 'Alpha-Diffuse' not found
Refreshing native plugins compatible for Editor in 21.16 ms, found 5 plugins.
Preloading 1 native plugins for Editor in 1.59 ms.
Unloading 27 Unused Serialized files (Serialized files now loaded: 0)
System memory in use before: 147.2 MB.
System memory in use after: 147.0 MB.

Unloading 27 unused Assets to reduce memory usage. Loaded Objects now: 2425.
Total: 30.990102 ms (FindLiveObjects: 1.107719 ms CreateObjectMapping: 0.080636 ms MarkObjects: 28.689597 ms  DeleteObjects: 1.109784 ms)

========================================================================
Received Prepare
Shader 'Oculus/OVRMRCameraFrameLit': fallback shader 'Alpha-Diffuse' not found
Refreshing native plugins compatible for Editor in 19.00 ms, found 5 plugins.
Preloading 1 native plugins for Editor in 1.43 ms.
Unloading 27 Unused Serialized files (Serialized files now loaded: 0)
System memory in use before: 147.3 MB.
System memory in use after: 147.1 MB.

Unloading 27 unused Assets to reduce memory usage. Loaded Objects now: 2425.
Total: 32.825079 ms (FindLiveObjects: 2.112437 ms CreateObjectMapping: 0.185524 ms MarkObjects: 29.869071 ms  DeleteObjects: 0.655667 ms)

========================================================================
Received Prepare
Shader 'Oculus/OVRMRCameraFrameLit': fallback shader 'Alpha-Diffuse' not found
Refreshing native plugins compatible for Editor in 17.89 ms, found 5 plugins.
Preloading 1 native plugins for Editor in 1.47 ms.
Unloading 27 Unused Serialized files (Serialized files now loaded: 0)
System memory in use before: 147.5 MB.
System memory in use after: 147.2 MB.

Unloading 27 unused Assets to reduce memory usage. Loaded Objects now: 2425.
Total: 33.709152 ms (FindLiveObjects: 1.862585 ms CreateObjectMapping: 0.261495 ms MarkObjects: 30.704233 ms  DeleteObjects: 0.878318 ms)

========================================================================
Received Prepare
Shader 'Oculus/OVRMRCameraFrameLit': fallback shader 'Alpha-Diffuse' not found
Refreshing native plugins compatible for Editor in 21.84 ms, found 5 plugins.
Preloading 1 native plugins for Editor in 1.75 ms.
Unloading 27 Unused Serialized files (Serialized files now loaded: 0)
System memory in use before: 147.6 MB.
System memory in use after: 147.3 MB.

Unloading 27 unused Assets to reduce memory usage. Loaded Objects now: 2425.
Total: 29.934319 ms (FindLiveObjects: 1.606599 ms CreateObjectMapping: 0.116228 ms MarkObjects: 27.379953 ms  DeleteObjects: 0.829261 ms)

